20:27:45 **** Build of configuration Debug for project c++ ****
make all 
Building file: ../mytime0.cpp
Invoking: GCC C++ Compiler
g++ -O0 -g3 -Wall -c -fmessage-length=0 -MMD -MP -MF"mytime0.d" -MT"mytime0.d" -o "mytime0.o" "../mytime0.cpp"
Finished building: ../mytime0.cpp
 
Building file: ../usetime.cpp
Invoking: GCC C++ Compiler
g++ -O0 -g3 -Wall -c -fmessage-length=0 -MMD -MP -MF"usetime.d" -MT"usetime.d" -o "usetime.o" "../usetime.cpp"
Finished building: ../usetime.cpp
 
Building target: c++
Invoking: GCC C++ Linker
g++  -o "c++"  ./mytime0.o ./usetime.o   
Finished building target: c++
 
20:27:55 **** Incremental Build of configuration Debug for project c++ ****
make all 
make: Nothing to be done for 'all'.
20:30:58 **** Incremental Build of configuration Debug for project c++ ****
make all 
Building file: ../mytime0.cpp
Invoking: GCC C++ Compiler
g++ -O0 -g3 -Wall -c -fmessage-length=0 -MMD -MP -MF"mytime0.d" -MT"mytime0.d" -o "mytime0.o" "../mytime0.cpp"
Finished building: ../mytime0.cpp
 
Building file: ../usetime.cpp
Invoking: GCC C++ Compiler
g++ -O0 -g3 -Wall -c -fmessage-length=0 -MMD -MP -MF"usetime.d" -MT"usetime.d" -o "usetime.o" "../usetime.cpp"
Finished building: ../usetime.cpp
 
Building target: c++
Invoking: GCC C++ Linker
g++  -o "c++"  ./mytime0.o ./usetime.o   
Finished building target: c++
 
20:38:38 **** Incremental Build of configuration Debug for project c++ ****
make all 
Building file: ../usetime.cpp
Invoking: GCC C++ Compiler
g++ -O0 -g3 -Wall -c -fmessage-length=0 -MMD -MP -MF"usetime.d" -MT"usetime.d" -o "usetime.o" "../usetime.cpp"
Finished building: ../usetime.cpp
 
Building target: c++
Invoking: GCC C++ Linker
g++  -o "c++"  ./mytime0.o ./usetime.o   
Finished building target: c++
 
20:39:03 **** Incremental Build of configuration Debug for project c++ ****
make all 
Building file: ../usetime.cpp
Invoking: GCC C++ Compiler
g++ -O0 -g3 -Wall -c -fmessage-length=0 -MMD -MP -MF"usetime.d" -MT"usetime.d" -o "usetime.o" "../usetime.cpp"
Finished building: ../usetime.cpp
 
Building target: c++
Invoking: GCC C++ Linker
g++  -o "c++"  ./mytime0.o ./usetime.o   
Finished building target: c++
 
